<?xml version="1.0" encoding="UTF-8"?>
<testsuite xmlns:xsi="http://www.w3.org/2001/XMLSchema-instance" xsi:noNamespaceSchemaLocation="https://maven.apache.org/surefire/maven-surefire-plugin/xsd/surefire-test-report.xsd" name="FilaObjTest" time="0.04" tests="7" errors="0" skipped="0" failures="7">
  <properties>
    <property name="sun.desktop" value="gnome"/>
    <property name="awt.toolkit" value="sun.awt.X11.XToolkit"/>
    <property name="java.specification.version" value="11"/>
    <property name="sun.cpu.isalist" value=""/>
    <property name="sun.jnu.encoding" value="UTF-8"/>
    <property name="java.class.path" value="/home/miniguiti/Documents/linguagem-de-programacao-exercicios/desafio-fila/target/test-classes:/home/miniguiti/Documents/linguagem-de-programacao-exercicios/desafio-fila/target/classes:/home/miniguiti/.m2/repository/org/junit/jupiter/junit-jupiter/5.7.2/junit-jupiter-5.7.2.jar:/home/miniguiti/.m2/repository/org/junit/jupiter/junit-jupiter-api/5.7.2/junit-jupiter-api-5.7.2.jar:/home/miniguiti/.m2/repository/org/apiguardian/apiguardian-api/1.1.0/apiguardian-api-1.1.0.jar:/home/miniguiti/.m2/repository/org/opentest4j/opentest4j/1.2.0/opentest4j-1.2.0.jar:/home/miniguiti/.m2/repository/org/junit/platform/junit-platform-commons/1.7.2/junit-platform-commons-1.7.2.jar:/home/miniguiti/.m2/repository/org/junit/jupiter/junit-jupiter-params/5.7.2/junit-jupiter-params-5.7.2.jar:/home/miniguiti/.m2/repository/org/junit/jupiter/junit-jupiter-engine/5.7.2/junit-jupiter-engine-5.7.2.jar:/home/miniguiti/.m2/repository/org/junit/platform/junit-platform-engine/1.7.2/junit-platform-engine-1.7.2.jar:"/>
    <property name="java.vm.vendor" value="AdoptOpenJDK"/>
    <property name="sun.arch.data.model" value="64"/>
    <property name="java.vendor.url" value="https://adoptopenjdk.net/"/>
    <property name="user.timezone" value=""/>
    <property name="user.country.format" value="BR"/>
    <property name="java.vm.specification.version" value="11"/>
    <property name="os.name" value="Linux"/>
    <property name="user.country" value="US"/>
    <property name="sun.java.launcher" value="SUN_STANDARD"/>
    <property name="sun.boot.library.path" value="/home/miniguiti/.sdkman/candidates/java/11.0.9.hs-adpt/lib"/>
    <property name="sun.java.command" value="/home/miniguiti/Documents/linguagem-de-programacao-exercicios/desafio-fila/target/surefire/surefirebooter18150537310699708884.jar /home/miniguiti/Documents/linguagem-de-programacao-exercicios/desafio-fila/target/surefire 2022-05-09T08-41-24_887-jvmRun1 surefire6642454460463538924tmp surefire_015462397479133028870tmp"/>
    <property name="jdk.debug" value="release"/>
    <property name="test" value="FilaObjTest"/>
    <property name="surefire.test.class.path" value="/home/miniguiti/Documents/linguagem-de-programacao-exercicios/desafio-fila/target/test-classes:/home/miniguiti/Documents/linguagem-de-programacao-exercicios/desafio-fila/target/classes:/home/miniguiti/.m2/repository/org/junit/jupiter/junit-jupiter/5.7.2/junit-jupiter-5.7.2.jar:/home/miniguiti/.m2/repository/org/junit/jupiter/junit-jupiter-api/5.7.2/junit-jupiter-api-5.7.2.jar:/home/miniguiti/.m2/repository/org/apiguardian/apiguardian-api/1.1.0/apiguardian-api-1.1.0.jar:/home/miniguiti/.m2/repository/org/opentest4j/opentest4j/1.2.0/opentest4j-1.2.0.jar:/home/miniguiti/.m2/repository/org/junit/platform/junit-platform-commons/1.7.2/junit-platform-commons-1.7.2.jar:/home/miniguiti/.m2/repository/org/junit/jupiter/junit-jupiter-params/5.7.2/junit-jupiter-params-5.7.2.jar:/home/miniguiti/.m2/repository/org/junit/jupiter/junit-jupiter-engine/5.7.2/junit-jupiter-engine-5.7.2.jar:/home/miniguiti/.m2/repository/org/junit/platform/junit-platform-engine/1.7.2/junit-platform-engine-1.7.2.jar:"/>
    <property name="sun.cpu.endian" value="little"/>
    <property name="user.home" value="/home/miniguiti"/>
    <property name="user.language" value="en"/>
    <property name="java.specification.vendor" value="Oracle Corporation"/>
    <property name="java.version.date" value="2020-11-04"/>
    <property name="java.home" value="/home/miniguiti/.sdkman/candidates/java/11.0.9.hs-adpt"/>
    <property name="file.separator" value="/"/>
    <property name="basedir" value="/home/miniguiti/Documents/linguagem-de-programacao-exercicios/desafio-fila"/>
    <property name="java.vm.compressedOopsMode" value="32-bit"/>
    <property name="line.separator" value="&#10;"/>
    <property name="java.specification.name" value="Java Platform API Specification"/>
    <property name="java.vm.specification.vendor" value="Oracle Corporation"/>
    <property name="java.awt.graphicsenv" value="sun.awt.X11GraphicsEnvironment"/>
    <property name="surefire.real.class.path" value="/home/miniguiti/Documents/linguagem-de-programacao-exercicios/desafio-fila/target/surefire/surefirebooter18150537310699708884.jar"/>
    <property name="sun.management.compiler" value="HotSpot 64-Bit Tiered Compilers"/>
    <property name="java.runtime.version" value="11.0.9.1+1"/>
    <property name="user.name" value="miniguiti"/>
    <property name="path.separator" value=":"/>
    <property name="os.version" value="5.13.0-40-generic"/>
    <property name="java.runtime.name" value="OpenJDK Runtime Environment"/>
    <property name="file.encoding" value="UTF-8"/>
    <property name="java.vm.name" value="OpenJDK 64-Bit Server VM"/>
    <property name="java.vendor.version" value="AdoptOpenJDK"/>
    <property name="maven.ext.class.path" value="/snap/netbeans/58/netbeans/java/maven-nblib/netbeans-eventspy.jar"/>
    <property name="localRepository" value="/home/miniguiti/.m2/repository"/>
    <property name="java.vendor.url.bug" value="https://github.com/AdoptOpenJDK/openjdk-support/issues"/>
    <property name="java.io.tmpdir" value="/tmp"/>
    <property name="java.version" value="11.0.9.1"/>
    <property name="user.dir" value="/home/miniguiti/Documents/linguagem-de-programacao-exercicios/desafio-fila"/>
    <property name="os.arch" value="amd64"/>
    <property name="java.vm.specification.name" value="Java Virtual Machine Specification"/>
    <property name="java.awt.printerjob" value="sun.print.PSPrinterJob"/>
    <property name="user.language.format" value="pt"/>
    <property name="sun.os.patch.level" value="unknown"/>
    <property name="java.library.path" value="/usr/java/packages/lib:/usr/lib64:/lib64:/lib:/usr/lib"/>
    <property name="java.vm.info" value="mixed mode"/>
    <property name="java.vendor" value="AdoptOpenJDK"/>
    <property name="java.vm.version" value="11.0.9.1+1"/>
    <property name="sun.io.unicode.encoding" value="UnicodeLittle"/>
    <property name="java.class.version" value="55.0"/>
  </properties>
  <testcase name="isEmptyQuandoFilaVazia" classname="FilaObjTest" time="0.023">
    <failure message="expected: &lt;true&gt; but was: &lt;false&gt;" type="org.opentest4j.AssertionFailedError"><![CDATA[org.opentest4j.AssertionFailedError: expected: <true> but was: <false>
	at FilaObjTest.isEmptyQuandoFilaVazia(FilaObjTest.java:28)
]]></failure>
  </testcase>
  <testcase name="insertLancaIndexOutOfBoundsExceptionQuandoFilaCheia" classname="FilaObjTest" time="0.002">
    <failure message="Expected java.lang.IndexOutOfBoundsException to be thrown, but nothing was thrown." type="org.opentest4j.AssertionFailedError">org.opentest4j.AssertionFailedError: Expected java.lang.IndexOutOfBoundsException to be thrown, but nothing was thrown.
	at FilaObjTest.insertLancaIndexOutOfBoundsExceptionQuandoFilaCheia(FilaObjTest.java:90)
</failure>
  </testcase>
  <testcase name="insertQuandoFilaRetornaDez" classname="FilaObjTest" time="0.001">
    <failure message="expected: &lt;10&gt; but was: &lt;null&gt;" type="org.opentest4j.AssertionFailedError"><![CDATA[org.opentest4j.AssertionFailedError: expected: <10> but was: <null>
	at FilaObjTest.insertQuandoFilaRetornaDez(FilaObjTest.java:97)
]]></failure>
  </testcase>
  <testcase name="poolQuandoFilaRetornaVinte" classname="FilaObjTest" time="0">
    <failure message="expected: &lt;10&gt; but was: &lt;null&gt;" type="org.opentest4j.AssertionFailedError"><![CDATA[org.opentest4j.AssertionFailedError: expected: <10> but was: <null>
	at FilaObjTest.poolQuandoFilaRetornaVinte(FilaObjTest.java:77)
]]></failure>
  </testcase>
  <testcase name="peekQuandoFilaRetornaDez" classname="FilaObjTest" time="0.001">
    <failure message="expected: &lt;10&gt; but was: &lt;null&gt;" type="org.opentest4j.AssertionFailedError"><![CDATA[org.opentest4j.AssertionFailedError: expected: <10> but was: <null>
	at FilaObjTest.peekQuandoFilaRetornaDez(FilaObjTest.java:59)
]]></failure>
  </testcase>
  <testcase name="isFullTrueQuandoFilaPreenchida" classname="FilaObjTest" time="0.001">
    <failure message="expected: &lt;true&gt; but was: &lt;false&gt;" type="org.opentest4j.AssertionFailedError"><![CDATA[org.opentest4j.AssertionFailedError: expected: <true> but was: <false>
	at FilaObjTest.isFullTrueQuandoFilaPreenchida(FilaObjTest.java:22)
]]></failure>
  </testcase>
  <testcase name="poolQuandoFilaRetornaDez" classname="FilaObjTest" time="0">
    <failure message="expected: &lt;10&gt; but was: &lt;null&gt;" type="org.opentest4j.AssertionFailedError"><![CDATA[org.opentest4j.AssertionFailedError: expected: <10> but was: <null>
	at FilaObjTest.poolQuandoFilaRetornaDez(FilaObjTest.java:68)
]]></failure>
  </testcase>
</testsuite>